Using pre-set license
Built from '2020.3/staging' branch; Version is '2020.3.5f1 (8095aa901b9b) revision 8426922'; Using compiler version '192528614'; Build Type 'Release'
OS: 'Windows 10 Pro for Workstations; OS build 19042.985; Version 2009; 64bit' Language: 'es' Physical Memory: 8143 MB
BatchMode: 1, IsHumanControllingUs: 0, StartBugReporterOnCrash: 0, Is64bit: 1, IsPro: 0

 COMMAND LINE ARGUMENTS:
C:\Program Files\Unity\Hub\Editor\2020.3.5f1\Editor\Unity.exe
-adb2
-batchMode
-noUpm
-name
AssetImportWorker0
-projectPath
C:/Users/mr_ca/Documents/Unity/Cyber Ninja
-logFile
Logs/AssetImportWorker0.log
-srvPort
51262
Successfully changed project path to: C:/Users/mr_ca/Documents/Unity/Cyber Ninja
C:/Users/mr_ca/Documents/Unity/Cyber Ninja
Using Asset Import Pipeline V2.
Refreshing native plugins compatible for Editor in 57.34 ms, found 1 plugins.
Preloading 0 native plugins for Editor in 0.00 ms.
Initialize engine version: 2020.3.5f1 (8095aa901b9b)
[Subsystems] Discovering subsystems at path C:/Program Files/Unity/Hub/Editor/2020.3.5f1/Editor/Data/Resources/UnitySubsystems
[Subsystems] Discovering subsystems at path C:/Users/mr_ca/Documents/Unity/Cyber Ninja/Assets
GfxDevice: creating device client; threaded=0
Direct3D:
    Version:  Direct3D 11.0 [level 11.1]
    Renderer: NVIDIA GeForce GTX 1060 3GB (ID=0x1c02)
    Vendor:   
    VRAM:     2988 MB
    Driver:   27.21.14.6647
Initialize mono
Mono path[0] = 'C:/Program Files/Unity/Hub/Editor/2020.3.5f1/Editor/Data/Managed'
Mono path[1] = 'C:/Program Files/Unity/Hub/Editor/2020.3.5f1/Editor/Data/MonoBleedingEdge/lib/mono/unityjit'
Mono config path = 'C:/Program Files/Unity/Hub/Editor/2020.3.5f1/Editor/Data/MonoBleedingEdge/etc'
Using monoOptions --debugger-agent=transport=dt_socket,embedding=1,server=y,suspend=n,address=127.0.0.1:56148
Begin MonoManager ReloadAssembly
Registering precompiled unity dll's ...
Register platform support module: C:/Program Files/Unity/Hub/Editor/2020.3.5f1/Editor/Data/PlaybackEngines/WebGLSupport/UnityEditor.WebGL.Extensions.dll
Register platform support module: C:/Program Files/Unity/Hub/Editor/2020.3.5f1/Editor/Data/PlaybackEngines/WindowsStandaloneSupport/UnityEditor.WindowsStandalone.Extensions.dll
Registered in 0.004067 seconds.
Native extension for WindowsStandalone target not found
Native extension for WebGL target not found
Refreshing native plugins compatible for Editor in 75.82 ms, found 1 plugins.
Preloading 0 native plugins for Editor in 0.00 ms.
Mono: successfully reloaded assembly
- Completed reload, in  1.864 seconds
Platform modules already initialized, skipping
Registering precompiled user dll's ...
Registered in 0.001345 seconds.
Begin MonoManager ReloadAssembly
Native extension for WindowsStandalone target not found
Native extension for WebGL target not found
Refreshing native plugins compatible for Editor in 109.86 ms, found 1 plugins.
Preloading 0 native plugins for Editor in 0.00 ms.
Mono: successfully reloaded assembly
- Completed reload, in  1.920 seconds
Platform modules already initialized, skipping
========================================================================
Worker process is ready to serve import requests
Launched and connected shader compiler UnityShaderCompiler.exe after 0.28 seconds
Refreshing native plugins compatible for Editor in 0.48 ms, found 1 plugins.
Preloading 0 native plugins for Editor in 0.00 ms.
Unloading 2109 Unused Serialized files (Serialized files now loaded: 0)
System memory in use before: 95.9 MB.
System memory in use after: 95.8 MB.

Unloading 26 unused Assets to reduce memory usage. Loaded Objects now: 2555.
Total: 3.592800 ms (FindLiveObjects: 0.369100 ms CreateObjectMapping: 0.185500 ms MarkObjects: 2.872600 ms  DeleteObjects: 0.163700 ms)

========================================================================
Received Import Request.
  path: Assets/Animations/Player/Player animation controller.controller
  artifactKey: Guid(da74d205404f8cf4689616dc5ed3b664) Importer(815301076,1909f56bfc062723c751e8b465ee728b)
Start importing Assets/Animations/Player/Player animation controller.controller using Guid(da74d205404f8cf4689616dc5ed3b664) Importer(815301076,1909f56bfc062723c751e8b465ee728b)  -> (artifact id: 'd9279c1a95441da9d9a2d8e5818483ab') in 0.426126 seconds
  Import took 0.536899 seconds .

========================================================================
Received Prepare
Registering precompiled user dll's ...
Registered in 0.002430 seconds.
Begin MonoManager ReloadAssembly
Native extension for WindowsStandalone target not found
Native extension for WebGL target not found
Refreshing native plugins compatible for Editor in 0.47 ms, found 1 plugins.
Preloading 0 native plugins for Editor in 0.00 ms.
Mono: successfully reloaded assembly
- Completed reload, in  1.593 seconds
Platform modules already initialized, skipping
Refreshing native plugins compatible for Editor in 0.51 ms, found 1 plugins.
Preloading 0 native plugins for Editor in 0.00 ms.
Unloading 2104 Unused Serialized files (Serialized files now loaded: 0)
System memory in use before: 96.0 MB.
System memory in use after: 96.0 MB.

Unloading 12 unused Assets to reduce memory usage. Loaded Objects now: 2559.
Total: 3.782000 ms (FindLiveObjects: 0.617400 ms CreateObjectMapping: 0.296700 ms MarkObjects: 2.691300 ms  DeleteObjects: 0.173900 ms)

========================================================================
Received Import Request.
  Time since last request: 2348.958293 seconds.
  path: Assets/Scripts/NewPlayerBehaviour.cs
  artifactKey: Guid(d90b746b719f4104d9bb5ca7dc10a913) Importer(815301076,1909f56bfc062723c751e8b465ee728b)
Start importing Assets/Scripts/NewPlayerBehaviour.cs using Guid(d90b746b719f4104d9bb5ca7dc10a913) Importer(815301076,1909f56bfc062723c751e8b465ee728b)  -> (artifact id: 'ee5a8e56b9ec07ddbd2b39ba5376e6b5') in 0.171864 seconds
  Import took 0.259308 seconds .

========================================================================
Received Prepare
Registering precompiled user dll's ...
Registered in 0.193880 seconds.
Begin MonoManager ReloadAssembly
Native extension for WindowsStandalone target not found
Native extension for WebGL target not found
Refreshing native plugins compatible for Editor in 0.59 ms, found 1 plugins.
Preloading 0 native plugins for Editor in 0.00 ms.
Mono: successfully reloaded assembly
- Completed reload, in 10.790 seconds
Platform modules already initialized, skipping
Refreshing native plugins compatible for Editor in 0.74 ms, found 1 plugins.
Preloading 0 native plugins for Editor in 0.00 ms.
Unloading 2104 Unused Serialized files (Serialized files now loaded: 0)
System memory in use before: 96.0 MB.
System memory in use after: 96.0 MB.

Unloading 12 unused Assets to reduce memory usage. Loaded Objects now: 2563.
Total: 4.188300 ms (FindLiveObjects: 0.895400 ms CreateObjectMapping: 0.280900 ms MarkObjects: 2.838400 ms  DeleteObjects: 0.169400 ms)

========================================================================
Received Import Request.
  Time since last request: 3981.644338 seconds.
  path: Assets/Scripts/PlayerAttack.cs
  artifactKey: Guid(a22edf1be5a759d40b8ec870586adfaf) Importer(815301076,1909f56bfc062723c751e8b465ee728b)
Start importing Assets/Scripts/PlayerAttack.cs using Guid(a22edf1be5a759d40b8ec870586adfaf) Importer(815301076,1909f56bfc062723c751e8b465ee728b)  -> (artifact id: 'af2247cb57c720924b94822a982b8ccf') in 0.842105 seconds
  Import took 1.041371 seconds .

========================================================================
Received Prepare
Registering precompiled user dll's ...
Registered in 0.002367 seconds.
Begin MonoManager ReloadAssembly
Native extension for WindowsStandalone target not found
Native extension for WebGL target not found
Refreshing native plugins compatible for Editor in 0.90 ms, found 1 plugins.
Preloading 0 native plugins for Editor in 0.00 ms.
Mono: successfully reloaded assembly
- Completed reload, in  3.597 seconds
Platform modules already initialized, skipping
Refreshing native plugins compatible for Editor in 0.54 ms, found 1 plugins.
Preloading 0 native plugins for Editor in 0.00 ms.
Unloading 2104 Unused Serialized files (Serialized files now loaded: 0)
System memory in use before: 96.1 MB.
System memory in use after: 96.0 MB.

Unloading 12 unused Assets to reduce memory usage. Loaded Objects now: 2567.
Total: 5.569300 ms (FindLiveObjects: 0.380500 ms CreateObjectMapping: 0.171400 ms MarkObjects: 4.858000 ms  DeleteObjects: 0.156500 ms)

========================================================================
Received Import Request.
  Time since last request: 4397.430236 seconds.
  path: Assets/Scripts/Controls.cs
  artifactKey: Guid(a38a83e3c393a904b8206d2d8b167e13) Importer(815301076,1909f56bfc062723c751e8b465ee728b)
Start importing Assets/Scripts/Controls.cs using Guid(a38a83e3c393a904b8206d2d8b167e13) Importer(815301076,1909f56bfc062723c751e8b465ee728b)  -> (artifact id: '4cdcada5662835bdb9e4dd7544d0343d') in 1.793084 seconds
  Import took 4.395721 seconds .

========================================================================
Received Import Request.
  Time since last request: 257.835058 seconds.
  path: Assets/Scripts/NewPlayerBehaviour.cs
  artifactKey: Guid(d90b746b719f4104d9bb5ca7dc10a913) Importer(815301076,1909f56bfc062723c751e8b465ee728b)
Start importing Assets/Scripts/NewPlayerBehaviour.cs using Guid(d90b746b719f4104d9bb5ca7dc10a913) Importer(815301076,1909f56bfc062723c751e8b465ee728b)  -> (artifact id: '3b579229cf7382437742ad93d288be85') in 0.127811 seconds
  Import took 0.141518 seconds .

========================================================================
Received Prepare
Registering precompiled user dll's ...
Registered in 0.633200 seconds.
Begin MonoManager ReloadAssembly
Native extension for WindowsStandalone target not found
Native extension for WebGL target not found
Refreshing native plugins compatible for Editor in 1.14 ms, found 1 plugins.
Preloading 0 native plugins for Editor in 0.00 ms.
Mono: successfully reloaded assembly
- Completed reload, in  5.393 seconds
Platform modules already initialized, skipping
Refreshing native plugins compatible for Editor in 0.64 ms, found 1 plugins.
Preloading 0 native plugins for Editor in 0.00 ms.
Unloading 2104 Unused Serialized files (Serialized files now loaded: 0)
System memory in use before: 96.1 MB.
System memory in use after: 96.1 MB.

Unloading 12 unused Assets to reduce memory usage. Loaded Objects now: 2571.
Total: 6.751200 ms (FindLiveObjects: 0.514500 ms CreateObjectMapping: 0.327600 ms MarkObjects: 5.249200 ms  DeleteObjects: 0.655100 ms)

========================================================================
Received Import Request.
  Time since last request: 2166.199686 seconds.
  path: Assets/Scripts/NewPlayerBehaviour.cs
  artifactKey: Guid(d90b746b719f4104d9bb5ca7dc10a913) Importer(815301076,1909f56bfc062723c751e8b465ee728b)
Start importing Assets/Scripts/NewPlayerBehaviour.cs using Guid(d90b746b719f4104d9bb5ca7dc10a913) Importer(815301076,1909f56bfc062723c751e8b465ee728b)  -> (artifact id: 'e233683266d2ec3fa4b87aecb5ded44d') in 0.009017 seconds
  Import took 0.045597 seconds .

========================================================================
Received Prepare
Registering precompiled user dll's ...
Registered in 0.002001 seconds.
Begin MonoManager ReloadAssembly
Native extension for WindowsStandalone target not found
Native extension for WebGL target not found
Refreshing native plugins compatible for Editor in 0.52 ms, found 1 plugins.
Preloading 0 native plugins for Editor in 0.00 ms.
Mono: successfully reloaded assembly
- Completed reload, in  1.510 seconds
Platform modules already initialized, skipping
Refreshing native plugins compatible for Editor in 0.66 ms, found 1 plugins.
Preloading 0 native plugins for Editor in 0.00 ms.
Unloading 2104 Unused Serialized files (Serialized files now loaded: 0)
System memory in use before: 96.1 MB.
System memory in use after: 96.1 MB.

Unloading 12 unused Assets to reduce memory usage. Loaded Objects now: 2575.
Total: 5.867300 ms (FindLiveObjects: 0.498400 ms CreateObjectMapping: 0.367000 ms MarkObjects: 4.729400 ms  DeleteObjects: 0.267800 ms)

========================================================================
Received Prepare
Registering precompiled user dll's ...
Registered in 0.002228 seconds.
Begin MonoManager ReloadAssembly
Native extension for WindowsStandalone target not found
Native extension for WebGL target not found
Refreshing native plugins compatible for Editor in 0.49 ms, found 1 plugins.
Preloading 0 native plugins for Editor in 0.00 ms.
Mono: successfully reloaded assembly
- Completed reload, in  1.388 seconds
Platform modules already initialized, skipping
Refreshing native plugins compatible for Editor in 0.61 ms, found 1 plugins.
Preloading 0 native plugins for Editor in 0.00 ms.
Unloading 2104 Unused Serialized files (Serialized files now loaded: 0)
System memory in use before: 96.1 MB.
System memory in use after: 96.1 MB.

Unloading 12 unused Assets to reduce memory usage. Loaded Objects now: 2579.
Total: 3.540200 ms (FindLiveObjects: 0.550100 ms CreateObjectMapping: 0.267700 ms MarkObjects: 2.575200 ms  DeleteObjects: 0.143900 ms)

========================================================================
Received Prepare
Registering precompiled user dll's ...
Registered in 0.002313 seconds.
Begin MonoManager ReloadAssembly
Native extension for WindowsStandalone target not found
Native extension for WebGL target not found
Refreshing native plugins compatible for Editor in 0.57 ms, found 1 plugins.
Preloading 0 native plugins for Editor in 0.00 ms.
Mono: successfully reloaded assembly
- Completed reload, in  1.624 seconds
Platform modules already initialized, skipping
Refreshing native plugins compatible for Editor in 0.60 ms, found 1 plugins.
Preloading 0 native plugins for Editor in 0.00 ms.
Unloading 2104 Unused Serialized files (Serialized files now loaded: 0)
System memory in use before: 96.1 MB.
System memory in use after: 96.1 MB.

Unloading 12 unused Assets to reduce memory usage. Loaded Objects now: 2583.
Total: 3.798400 ms (FindLiveObjects: 0.368100 ms CreateObjectMapping: 0.118700 ms MarkObjects: 3.169000 ms  DeleteObjects: 0.140600 ms)

========================================================================
Received Prepare
Registering precompiled user dll's ...
Registered in 0.002115 seconds.
Begin MonoManager ReloadAssembly
Native extension for WindowsStandalone target not found
Native extension for WebGL target not found
Refreshing native plugins compatible for Editor in 0.49 ms, found 1 plugins.
Preloading 0 native plugins for Editor in 0.00 ms.
Mono: successfully reloaded assembly
- Completed reload, in  1.355 seconds
Platform modules already initialized, skipping
Refreshing native plugins compatible for Editor in 0.48 ms, found 1 plugins.
Preloading 0 native plugins for Editor in 0.00 ms.
Unloading 2104 Unused Serialized files (Serialized files now loaded: 0)
System memory in use before: 96.1 MB.
System memory in use after: 96.1 MB.

Unloading 12 unused Assets to reduce memory usage. Loaded Objects now: 2587.
Total: 3.529600 ms (FindLiveObjects: 0.616300 ms CreateObjectMapping: 0.283600 ms MarkObjects: 2.488500 ms  DeleteObjects: 0.139100 ms)

========================================================================
Received Prepare
Registering precompiled user dll's ...
Registered in 0.001753 seconds.
Begin MonoManager ReloadAssembly
Native extension for WindowsStandalone target not found
Native extension for WebGL target not found
Refreshing native plugins compatible for Editor in 0.53 ms, found 1 plugins.
Preloading 0 native plugins for Editor in 0.00 ms.
Mono: successfully reloaded assembly
- Completed reload, in  1.517 seconds
Platform modules already initialized, skipping
Refreshing native plugins compatible for Editor in 1.10 ms, found 1 plugins.
Preloading 0 native plugins for Editor in 0.00 ms.
Unloading 2104 Unused Serialized files (Serialized files now loaded: 0)
System memory in use before: 96.1 MB.
System memory in use after: 96.1 MB.

Unloading 12 unused Assets to reduce memory usage. Loaded Objects now: 2591.
Total: 6.490300 ms (FindLiveObjects: 0.571600 ms CreateObjectMapping: 0.380300 ms MarkObjects: 5.118800 ms  DeleteObjects: 0.415900 ms)

========================================================================
Received Prepare
Registering precompiled user dll's ...
Registered in 0.001635 seconds.
Begin MonoManager ReloadAssembly
Native extension for WindowsStandalone target not found
Native extension for WebGL target not found
Refreshing native plugins compatible for Editor in 0.47 ms, found 1 plugins.
Preloading 0 native plugins for Editor in 0.00 ms.
Mono: successfully reloaded assembly
- Completed reload, in  1.268 seconds
Platform modules already initialized, skipping
Refreshing native plugins compatible for Editor in 0.49 ms, found 1 plugins.
Preloading 0 native plugins for Editor in 0.00 ms.
Unloading 2104 Unused Serialized files (Serialized files now loaded: 0)
System memory in use before: 96.2 MB.
System memory in use after: 96.1 MB.

Unloading 12 unused Assets to reduce memory usage. Loaded Objects now: 2595.
Total: 3.229900 ms (FindLiveObjects: 0.337400 ms CreateObjectMapping: 0.203700 ms MarkObjects: 2.540500 ms  DeleteObjects: 0.146500 ms)

========================================================================
Received Prepare
Registering precompiled user dll's ...
Registered in 0.001451 seconds.
Begin MonoManager ReloadAssembly
Native extension for WindowsStandalone target not found
Native extension for WebGL target not found
Refreshing native plugins compatible for Editor in 0.93 ms, found 1 plugins.
Preloading 0 native plugins for Editor in 0.00 ms.
Mono: successfully reloaded assembly
- Completed reload, in  1.328 seconds
Platform modules already initialized, skipping
Refreshing native plugins compatible for Editor in 0.56 ms, found 1 plugins.
Preloading 0 native plugins for Editor in 0.00 ms.
Unloading 2104 Unused Serialized files (Serialized files now loaded: 0)
System memory in use before: 96.2 MB.
System memory in use after: 96.1 MB.

Unloading 12 unused Assets to reduce memory usage. Loaded Objects now: 2599.
Total: 3.221400 ms (FindLiveObjects: 0.326300 ms CreateObjectMapping: 0.198900 ms MarkObjects: 2.552000 ms  DeleteObjects: 0.142200 ms)

========================================================================
Received Import Request.
  Time since last request: 3391.668480 seconds.
  path: Assets/Controls.inputactions
  artifactKey: Guid(9b33f1c5adfdba143bfd01a703230451) Importer(815301076,1909f56bfc062723c751e8b465ee728b)
Start importing Assets/Controls.inputactions using Guid(9b33f1c5adfdba143bfd01a703230451) Importer(815301076,1909f56bfc062723c751e8b465ee728b)  -> (artifact id: '120f21f2590b17893590b0a1ba5e72c6') in 0.175862 seconds
  Import took 0.217973 seconds .

========================================================================
Received Prepare
Registering precompiled user dll's ...
Registered in 0.001261 seconds.
Begin MonoManager ReloadAssembly
Native extension for WindowsStandalone target not found
Native extension for WebGL target not found
Refreshing native plugins compatible for Editor in 0.54 ms, found 1 plugins.
Preloading 0 native plugins for Editor in 0.00 ms.
Mono: successfully reloaded assembly
- Completed reload, in  1.236 seconds
Platform modules already initialized, skipping
Refreshing native plugins compatible for Editor in 0.56 ms, found 1 plugins.
Preloading 0 native plugins for Editor in 0.00 ms.
Unloading 2104 Unused Serialized files (Serialized files now loaded: 0)
System memory in use before: 96.2 MB.
System memory in use after: 96.2 MB.

Unloading 12 unused Assets to reduce memory usage. Loaded Objects now: 2603.
Total: 3.938900 ms (FindLiveObjects: 0.493400 ms CreateObjectMapping: 0.285300 ms MarkObjects: 3.001300 ms  DeleteObjects: 0.156900 ms)

========================================================================
Received Import Request.
  Time since last request: 18.989717 seconds.
  path: Assets/Controls.inputactions
  artifactKey: Guid(9b33f1c5adfdba143bfd01a703230451) Importer(815301076,1909f56bfc062723c751e8b465ee728b)
Start importing Assets/Controls.inputactions using Guid(9b33f1c5adfdba143bfd01a703230451) Importer(815301076,1909f56bfc062723c751e8b465ee728b)  -> (artifact id: 'f6e2bf34ada004a2e4e445720a040b1e') in 0.025379 seconds
  Import took 0.040814 seconds .

========================================================================
Received Prepare
Registering precompiled user dll's ...
Registered in 0.002019 seconds.
Begin MonoManager ReloadAssembly
Native extension for WindowsStandalone target not found
Native extension for WebGL target not found
Refreshing native plugins compatible for Editor in 0.48 ms, found 1 plugins.
Preloading 0 native plugins for Editor in 0.00 ms.
Mono: successfully reloaded assembly
- Completed reload, in  1.261 seconds
Platform modules already initialized, skipping
Refreshing native plugins compatible for Editor in 0.48 ms, found 1 plugins.
Preloading 0 native plugins for Editor in 0.00 ms.
Unloading 2104 Unused Serialized files (Serialized files now loaded: 0)
System memory in use before: 96.2 MB.
System memory in use after: 96.2 MB.

Unloading 12 unused Assets to reduce memory usage. Loaded Objects now: 2607.
Total: 3.365600 ms (FindLiveObjects: 0.314200 ms CreateObjectMapping: 0.205400 ms MarkObjects: 2.709300 ms  DeleteObjects: 0.134500 ms)

========================================================================
Received Import Request.
  Time since last request: 19.014316 seconds.
  path: Assets/Controls.inputactions
  artifactKey: Guid(9b33f1c5adfdba143bfd01a703230451) Importer(815301076,1909f56bfc062723c751e8b465ee728b)
Start importing Assets/Controls.inputactions using Guid(9b33f1c5adfdba143bfd01a703230451) Importer(815301076,1909f56bfc062723c751e8b465ee728b)  -> (artifact id: 'f38b10530009d37950e8f660f75d01e2') in 0.030173 seconds
  Import took 0.040044 seconds .

========================================================================
Received Prepare
Registering precompiled user dll's ...
Registered in 0.001554 seconds.
Begin MonoManager ReloadAssembly
Native extension for WindowsStandalone target not found
Native extension for WebGL target not found
Refreshing native plugins compatible for Editor in 0.48 ms, found 1 plugins.
Preloading 0 native plugins for Editor in 0.00 ms.
Mono: successfully reloaded assembly
- Completed reload, in  1.315 seconds
Platform modules already initialized, skipping
Refreshing native plugins compatible for Editor in 0.47 ms, found 1 plugins.
Preloading 0 native plugins for Editor in 0.00 ms.
Unloading 2104 Unused Serialized files (Serialized files now loaded: 0)
System memory in use before: 96.2 MB.
System memory in use after: 96.2 MB.

Unloading 12 unused Assets to reduce memory usage. Loaded Objects now: 2611.
Total: 3.059100 ms (FindLiveObjects: 0.279800 ms CreateObjectMapping: 0.176800 ms MarkObjects: 2.451100 ms  DeleteObjects: 0.149900 ms)

========================================================================
Received Import Request.
  Time since last request: 8.770806 seconds.
  path: Assets/Controls.inputactions
  artifactKey: Guid(9b33f1c5adfdba143bfd01a703230451) Importer(815301076,1909f56bfc062723c751e8b465ee728b)
Start importing Assets/Controls.inputactions using Guid(9b33f1c5adfdba143bfd01a703230451) Importer(815301076,1909f56bfc062723c751e8b465ee728b)  -> (artifact id: 'abb7f93e54a86bd189a8cb1418e11590') in 0.026020 seconds
  Import took 0.037385 seconds .

========================================================================
Received Prepare
Registering precompiled user dll's ...
Registered in 0.001415 seconds.
Begin MonoManager ReloadAssembly
Native extension for WindowsStandalone target not found
Native extension for WebGL target not found
Refreshing native plugins compatible for Editor in 0.83 ms, found 1 plugins.
Preloading 0 native plugins for Editor in 0.00 ms.
Mono: successfully reloaded assembly
- Completed reload, in  1.249 seconds
Platform modules already initialized, skipping
Refreshing native plugins compatible for Editor in 0.56 ms, found 1 plugins.
Preloading 0 native plugins for Editor in 0.00 ms.
Unloading 2104 Unused Serialized files (Serialized files now loaded: 0)
System memory in use before: 96.2 MB.
System memory in use after: 96.2 MB.

Unloading 12 unused Assets to reduce memory usage. Loaded Objects now: 2615.
Total: 3.619700 ms (FindLiveObjects: 0.328000 ms CreateObjectMapping: 0.229400 ms MarkObjects: 2.898100 ms  DeleteObjects: 0.162300 ms)

========================================================================
Received Prepare
Registering precompiled user dll's ...
Registered in 0.002384 seconds.
Begin MonoManager ReloadAssembly
Native extension for WindowsStandalone target not found
Native extension for WebGL target not found
Refreshing native plugins compatible for Editor in 0.67 ms, found 1 plugins.
Preloading 0 native plugins for Editor in 0.00 ms.
Mono: successfully reloaded assembly
- Completed reload, in  1.541 seconds
Platform modules already initialized, skipping
Refreshing native plugins compatible for Editor in 0.71 ms, found 1 plugins.
Preloading 0 native plugins for Editor in 0.00 ms.
Unloading 2104 Unused Serialized files (Serialized files now loaded: 0)
System memory in use before: 96.2 MB.
System memory in use after: 96.2 MB.

Unloading 12 unused Assets to reduce memory usage. Loaded Objects now: 2619.
Total: 3.594600 ms (FindLiveObjects: 0.574300 ms CreateObjectMapping: 0.275900 ms MarkObjects: 2.597600 ms  DeleteObjects: 0.144500 ms)

========================================================================
Received Prepare
Registering precompiled user dll's ...
Registered in 0.001722 seconds.
Begin MonoManager ReloadAssembly
Native extension for WindowsStandalone target not found
Native extension for WebGL target not found
Refreshing native plugins compatible for Editor in 0.55 ms, found 1 plugins.
Preloading 0 native plugins for Editor in 0.00 ms.
Mono: successfully reloaded assembly
- Completed reload, in  1.294 seconds
Platform modules already initialized, skipping
Refreshing native plugins compatible for Editor in 0.49 ms, found 1 plugins.
Preloading 0 native plugins for Editor in 0.00 ms.
Unloading 2104 Unused Serialized files (Serialized files now loaded: 0)
System memory in use before: 96.2 MB.
System memory in use after: 96.2 MB.

Unloading 12 unused Assets to reduce memory usage. Loaded Objects now: 2623.
Total: 3.671700 ms (FindLiveObjects: 0.393600 ms CreateObjectMapping: 0.254200 ms MarkObjects: 2.863800 ms  DeleteObjects: 0.157800 ms)

========================================================================
Received Prepare
Registering precompiled user dll's ...
Registered in 0.001377 seconds.
Begin MonoManager ReloadAssembly
Native extension for WindowsStandalone target not found
Native extension for WebGL target not found
Refreshing native plugins compatible for Editor in 0.52 ms, found 1 plugins.
Preloading 0 native plugins for Editor in 0.00 ms.
Mono: successfully reloaded assembly
- Completed reload, in  1.249 seconds
Platform modules already initialized, skipping
Refreshing native plugins compatible for Editor in 0.49 ms, found 1 plugins.
Preloading 0 native plugins for Editor in 0.00 ms.
Unloading 2104 Unused Serialized files (Serialized files now loaded: 0)
System memory in use before: 96.2 MB.
System memory in use after: 96.2 MB.

Unloading 12 unused Assets to reduce memory usage. Loaded Objects now: 2627.
Total: 3.675700 ms (FindLiveObjects: 0.552600 ms CreateObjectMapping: 0.263600 ms MarkObjects: 2.581600 ms  DeleteObjects: 0.275400 ms)

========================================================================
Received Import Request.
  Time since last request: 2507.217518 seconds.
  path: Assets/Sprites/Player/New
  artifactKey: Guid(2308735dc4856f34481b52e3d89576c3) Importer(815301076,1909f56bfc062723c751e8b465ee728b)
Start importing Assets/Sprites/Player/New using Guid(2308735dc4856f34481b52e3d89576c3) Importer(815301076,1909f56bfc062723c751e8b465ee728b)  -> (artifact id: '6154b97a3de9f06b12447f5e8e10df5f') in 0.022177 seconds
  Import took 0.038780 seconds .

========================================================================
Received Import Request.
  Time since last request: 23.267728 seconds.
  path: Assets/Sprites/Player/New/ninja-black-32x32.png
  artifactKey: Guid(e28c26af282d8704ab022ae46d8c403d) Importer(815301076,1909f56bfc062723c751e8b465ee728b)
Start importing Assets/Sprites/Player/New/ninja-black-32x32.png using Guid(e28c26af282d8704ab022ae46d8c403d) Importer(815301076,1909f56bfc062723c751e8b465ee728b)  -> (artifact id: 'd17f9bd53360f0423b29e8c991445e94') in 0.674223 seconds
  Import took 0.742896 seconds .

========================================================================
Received Import Request.
  Time since last request: 16.893477 seconds.
  path: Assets/Sprites/Player/New/ninja-black-32x32.png
  artifactKey: Guid(e28c26af282d8704ab022ae46d8c403d) Importer(815301076,1909f56bfc062723c751e8b465ee728b)
Start importing Assets/Sprites/Player/New/ninja-black-32x32.png using Guid(e28c26af282d8704ab022ae46d8c403d) Importer(815301076,1909f56bfc062723c751e8b465ee728b)  -> (artifact id: 'd613c87a44e5f592ea609e633912c0db') in 0.123364 seconds
  Import took 0.145026 seconds .

========================================================================
Received Import Request.
  Time since last request: 48.223879 seconds.
  path: Assets/Sprites/Player/New/ninja-black-32x32.png
  artifactKey: Guid(e28c26af282d8704ab022ae46d8c403d) Importer(815301076,1909f56bfc062723c751e8b465ee728b)
Start importing Assets/Sprites/Player/New/ninja-black-32x32.png using Guid(e28c26af282d8704ab022ae46d8c403d) Importer(815301076,1909f56bfc062723c751e8b465ee728b)  -> (artifact id: 'eb3ac0a50ca289de183ba9058fbcddf6') in 0.260193 seconds
  Import took 0.289087 seconds .

========================================================================
Received Import Request.
  Time since last request: 77.168194 seconds.
  path: Assets/Sprites/Player/New/ninja-black-32x32 (1).png
  artifactKey: Guid(cda744ec43f04c04d98507fb889e5b85) Importer(815301076,1909f56bfc062723c751e8b465ee728b)
Start importing Assets/Sprites/Player/New/ninja-black-32x32 (1).png using Guid(cda744ec43f04c04d98507fb889e5b85) Importer(815301076,1909f56bfc062723c751e8b465ee728b)  -> (artifact id: '1328e37fda827f6a62e58bb1e7fe0f28') in 0.023756 seconds
  Import took 0.042072 seconds .

========================================================================
Received Import Request.
  Time since last request: 0.002039 seconds.
  path: Assets/Sprites/Player/New/ninja-black-32x32 (1).png
  artifactKey: Guid(cda744ec43f04c04d98507fb889e5b85) Importer(815301076,1909f56bfc062723c751e8b465ee728b)
Start importing Assets/Sprites/Player/New/ninja-black-32x32 (1).png using Guid(cda744ec43f04c04d98507fb889e5b85) Importer(815301076,1909f56bfc062723c751e8b465ee728b)  -> (artifact id: '1328e37fda827f6a62e58bb1e7fe0f28') in 0.019762 seconds
  Import took 0.025270 seconds .

========================================================================
Received Import Request.
  Time since last request: 18.322437 seconds.
  path: Assets/Sprites/Player/New/ninja-black-32x32 (1).png
  artifactKey: Guid(cda744ec43f04c04d98507fb889e5b85) Importer(815301076,1909f56bfc062723c751e8b465ee728b)
Start importing Assets/Sprites/Player/New/ninja-black-32x32 (1).png using Guid(cda744ec43f04c04d98507fb889e5b85) Importer(815301076,1909f56bfc062723c751e8b465ee728b)  -> (artifact id: '00bb2c38693f50931a479d39057cdb5a') in 0.033448 seconds
  Import took 0.057255 seconds .

========================================================================
Received Prepare
Registering precompiled user dll's ...
Registered in 0.001706 seconds.
Begin MonoManager ReloadAssembly
Native extension for WindowsStandalone target not found
Native extension for WebGL target not found
Refreshing native plugins compatible for Editor in 0.68 ms, found 1 plugins.
Preloading 0 native plugins for Editor in 0.00 ms.
Mono: successfully reloaded assembly
- Completed reload, in  1.329 seconds
Platform modules already initialized, skipping
Refreshing native plugins compatible for Editor in 0.54 ms, found 1 plugins.
Preloading 0 native plugins for Editor in 0.00 ms.
Unloading 2104 Unused Serialized files (Serialized files now loaded: 0)
System memory in use before: 99.2 MB.
System memory in use after: 99.2 MB.

Unloading 12 unused Assets to reduce memory usage. Loaded Objects now: 2639.
Total: 4.172100 ms (FindLiveObjects: 0.643600 ms CreateObjectMapping: 0.217600 ms MarkObjects: 3.148400 ms  DeleteObjects: 0.159800 ms)

========================================================================
Received Prepare
Registering precompiled user dll's ...
Registered in 0.001527 seconds.
Begin MonoManager ReloadAssembly
Native extension for WindowsStandalone target not found
Native extension for WebGL target not found
Refreshing native plugins compatible for Editor in 0.47 ms, found 1 plugins.
Preloading 0 native plugins for Editor in 0.00 ms.
Mono: successfully reloaded assembly
- Completed reload, in  1.227 seconds
Platform modules already initialized, skipping
Refreshing native plugins compatible for Editor in 0.48 ms, found 1 plugins.
Preloading 0 native plugins for Editor in 0.00 ms.
Unloading 2104 Unused Serialized files (Serialized files now loaded: 0)
System memory in use before: 99.2 MB.
System memory in use after: 99.2 MB.

Unloading 12 unused Assets to reduce memory usage. Loaded Objects now: 2643.
Total: 3.178700 ms (FindLiveObjects: 0.327100 ms CreateObjectMapping: 0.205400 ms MarkObjects: 2.515500 ms  DeleteObjects: 0.129100 ms)

========================================================================
Received Import Request.
  Time since last request: 2379.223933 seconds.
  path: Assets/Sprites/Enemies
  artifactKey: Guid(7643d0578bc0d6f44a4ad4ab7c4464ef) Importer(815301076,1909f56bfc062723c751e8b465ee728b)
Start importing Assets/Sprites/Enemies using Guid(7643d0578bc0d6f44a4ad4ab7c4464ef) Importer(815301076,1909f56bfc062723c751e8b465ee728b)  -> (artifact id: '8bd5b37b859c03eda682a0c8a3aaf8fb') in 0.111161 seconds
  Import took 0.237844 seconds .

========================================================================
Received Import Request.
  Time since last request: 14.404495 seconds.
  path: Assets/Sprites/Enemies/Samurai
  artifactKey: Guid(573b846ed6db99049bc2faca3b2523d4) Importer(815301076,1909f56bfc062723c751e8b465ee728b)
Start importing Assets/Sprites/Enemies/Samurai using Guid(573b846ed6db99049bc2faca3b2523d4) Importer(815301076,1909f56bfc062723c751e8b465ee728b)  -> (artifact id: '5e52a16c449475b5e2d5f4a13e1624d5') in 0.011210 seconds
  Import took 0.083281 seconds .

